Using pre-set license
Built from '2022.3/staging' branch; Version is '2022.3.22f1 (887be4894c44) revision 8944612'; Using compiler version '192829333'; Build Type 'Release'
OS: 'Windows 11  (10.0.22631) 64bit Professional' Language: 'en' Physical Memory: 32677 MB
BatchMode: 1, IsHumanControllingUs: 0, StartBugReporterOnCrash: 0, Is64bit: 1, IsPro: 1

COMMAND LINE ARGUMENTS:
C:\Program Files\Unity\Hub\Editor\2022.3.22f1\Editor\Unity.exe
-adb2
-batchMode
-noUpm
-name
AssetImportWorker1
-projectPath
J:/TurtleRescue
-logFile
Logs/AssetImportWorker1.log
-srvPort
54445
Successfully changed project path to: J:/TurtleRescue
J:/TurtleRescue
[UnityMemory] Configuration Parameters - Can be set up in boot.config
    "memorysetup-bucket-allocator-granularity=16"
    "memorysetup-bucket-allocator-bucket-count=8"
    "memorysetup-bucket-allocator-block-size=33554432"
    "memorysetup-bucket-allocator-block-count=8"
    "memorysetup-main-allocator-block-size=16777216"
    "memorysetup-thread-allocator-block-size=16777216"
    "memorysetup-gfx-main-allocator-block-size=16777216"
    "memorysetup-gfx-thread-allocator-block-size=16777216"
    "memorysetup-cache-allocator-block-size=4194304"
    "memorysetup-typetree-allocator-block-size=2097152"
    "memorysetup-profiler-bucket-allocator-granularity=16"
    "memorysetup-profiler-bucket-allocator-bucket-count=8"
    "memorysetup-profiler-bucket-allocator-block-size=33554432"
    "memorysetup-profiler-bucket-allocator-block-count=8"
    "memorysetup-profiler-allocator-block-size=16777216"
    "memorysetup-profiler-editor-allocator-block-size=1048576"
    "memorysetup-temp-allocator-size-main=16777216"
    "memorysetup-job-temp-allocator-block-size=2097152"
    "memorysetup-job-temp-allocator-block-size-background=1048576"
    "memorysetup-job-temp-allocator-reduction-small-platforms=262144"
    "memorysetup-allocator-temp-initial-block-size-main=262144"
    "memorysetup-allocator-temp-initial-block-size-worker=262144"
    "memorysetup-temp-allocator-size-background-worker=32768"
    "memorysetup-temp-allocator-size-job-worker=262144"
    "memorysetup-temp-allocator-size-preload-manager=33554432"
    "memorysetup-temp-allocator-size-nav-mesh-worker=65536"
    "memorysetup-temp-allocator-size-audio-worker=65536"
    "memorysetup-temp-allocator-size-cloud-worker=32768"
    "memorysetup-temp-allocator-size-gi-baking-worker=262144"
    "memorysetup-temp-allocator-size-gfx=262144"
Player connection [2052] Host "[IP] 192.168.1.23 [Port] 0 [Flags] 2 [Guid] 1903968484 [EditorId] 1903968484 [Version] 1048832 [Id] WindowsEditor(7,HOANHTUAN) [Debug] 1 [PackageName] WindowsEditor [ProjectName] Editor" joined multi-casting on [225.0.0.222:54997]...

Player connection [2052] Host "[IP] 192.168.1.23 [Port] 0 [Flags] 2 [Guid] 1903968484 [EditorId] 1903968484 [Version] 1048832 [Id] WindowsEditor(7,HOANHTUAN) [Debug] 1 [PackageName] WindowsEditor [ProjectName] Editor" joined alternative multi-casting on [225.0.0.222:34997]...

[Physics::Module] Initialized MultithreadedJobDispatcher with 15 workers.
Refreshing native plugins compatible for Editor in 6.80 ms, found 7 plugins.
Preloading 0 native plugins for Editor in 0.00 ms.
Initialize engine version: 2022.3.22f1 (887be4894c44)
[Subsystems] Discovering subsystems at path C:/Program Files/Unity/Hub/Editor/2022.3.22f1/Editor/Data/Resources/UnitySubsystems
[Subsystems] Discovering subsystems at path J:/TurtleRescue/Assets
GfxDevice: creating device client; threaded=0; jobified=0
Direct3D:
    Version:  Direct3D 11.0 [level 11.1]
    Renderer: NVIDIA T1000 8GB (ID=0x1ff0)
    Vendor:   NVIDIA
    VRAM:     8017 MB
    Driver:   31.0.15.5186
Initialize mono
Mono path[0] = 'C:/Program Files/Unity/Hub/Editor/2022.3.22f1/Editor/Data/Managed'
Mono path[1] = 'C:/Program Files/Unity/Hub/Editor/2022.3.22f1/Editor/Data/MonoBleedingEdge/lib/mono/unityjit-win32'
Mono config path = 'C:/Program Files/Unity/Hub/Editor/2022.3.22f1/Editor/Data/MonoBleedingEdge/etc'
Using monoOptions --debugger-agent=transport=dt_socket,embedding=1,server=y,suspend=n,address=127.0.0.1:56068
Begin MonoManager ReloadAssembly
Registering precompiled unity dll's ...
Register platform support module: C:/Program Files/Unity/Hub/Editor/2022.3.22f1/Editor/Data/PlaybackEngines/WebGLSupport/UnityEditor.WebGL.Extensions.dll
Register platform support module: C:/Program Files/Unity/Hub/Editor/2022.3.22f1/Editor/Data/PlaybackEngines/AndroidPlayer/UnityEditor.Android.Extensions.dll
Register platform support module: C:/Program Files/Unity/Hub/Editor/2022.3.22f1/Editor/Data/PlaybackEngines/WindowsStandaloneSupport/UnityEditor.WindowsStandalone.Extensions.dll
Registered in 0.006032 seconds.
- Loaded All Assemblies, in  0.276 seconds
Native extension for WindowsStandalone target not found
Native extension for Android target not found
Android Extension - Scanning For ADB Devices 2245 ms
Native extension for WebGL target not found
Mono: successfully reloaded assembly
- Finished resetting the current domain, in  2.511 seconds
Domain Reload Profiling: 2786ms
	BeginReloadAssembly (82ms)
		ExecutionOrderSort (0ms)
		DisableScriptedObjects (0ms)
		BackupInstance (0ms)
		ReleaseScriptingObjects (0ms)
		CreateAndSetChildDomain (1ms)
	RebuildCommonClasses (29ms)
	RebuildNativeTypeToScriptingClass (8ms)
	initialDomainReloadingComplete (44ms)
	LoadAllAssembliesAndSetupDomain (113ms)
		LoadAssemblies (81ms)
		RebuildTransferFunctionScriptingTraits (0ms)
		AnalyzeDomain (110ms)
			TypeCache.Refresh (109ms)
				TypeCache.ScanAssembly (99ms)
			ScanForSourceGeneratedMonoScriptInfo (0ms)
			ResolveRequiredComponents (0ms)
	FinalizeReload (2511ms)
		ReleaseScriptCaches (0ms)
		RebuildScriptCaches (0ms)
		SetupLoadedEditorAssemblies (2470ms)
			LogAssemblyErrors (0ms)
			InitializePlatformSupportModulesInManaged (2330ms)
			SetLoadedEditorAssemblies (4ms)
			RefreshPlugins (0ms)
			BeforeProcessingInitializeOnLoad (2ms)
			ProcessInitializeOnLoadAttributes (98ms)
			ProcessInitializeOnLoadMethodAttributes (36ms)
			AfterProcessingInitializeOnLoad (0ms)
			EditorAssembliesLoaded (0ms)
		ExecutionOrderSort2 (0ms)
		AwakeInstancesAfterBackupRestoration (0ms)
========================================================================
Worker process is ready to serve import requests
Begin MonoManager ReloadAssembly
- Loaded All Assemblies, in  0.670 seconds
Refreshing native plugins compatible for Editor in 3.63 ms, found 7 plugins.
Native extension for WindowsStandalone target not found
Native extension for Android target not found
Native extension for WebGL target not found
Package Manager log level set to [2]
[Package Manager] Server::EnsureServerProcessIsRunning -- launch failed, reason: Unity was launched with the -noUpm command-line argument
[Package Manager] UpmClient::Send -- Unable to send message (not connected to UPM process).
[Package Manager] Cannot connect to Unity Package Manager local server
Mono: successfully reloaded assembly
- Finished resetting the current domain, in  0.796 seconds
Domain Reload Profiling: 1464ms
	BeginReloadAssembly (119ms)
		ExecutionOrderSort (0ms)
		DisableScriptedObjects (4ms)
		BackupInstance (0ms)
		ReleaseScriptingObjects (0ms)
		CreateAndSetChildDomain (19ms)
	RebuildCommonClasses (30ms)
	RebuildNativeTypeToScriptingClass (13ms)
	initialDomainReloadingComplete (31ms)
	LoadAllAssembliesAndSetupDomain (476ms)
		LoadAssemblies (285ms)
		RebuildTransferFunctionScriptingTraits (0ms)
		AnalyzeDomain (258ms)
			TypeCache.Refresh (212ms)
				TypeCache.ScanAssembly (196ms)
			ScanForSourceGeneratedMonoScriptInfo (34ms)
			ResolveRequiredComponents (11ms)
	FinalizeReload (796ms)
		ReleaseScriptCaches (0ms)
		RebuildScriptCaches (0ms)
		SetupLoadedEditorAssemblies (609ms)
			LogAssemblyErrors (0ms)
			InitializePlatformSupportModulesInManaged (20ms)
			SetLoadedEditorAssemblies (4ms)
			RefreshPlugins (0ms)
			BeforeProcessingInitializeOnLoad (77ms)
			ProcessInitializeOnLoadAttributes (427ms)
			ProcessInitializeOnLoadMethodAttributes (75ms)
			AfterProcessingInitializeOnLoad (7ms)
			EditorAssembliesLoaded (0ms)
		ExecutionOrderSort2 (0ms)
		AwakeInstancesAfterBackupRestoration (7ms)
Launched and connected shader compiler UnityShaderCompiler.exe after 0.04 seconds
Refreshing native plugins compatible for Editor in 3.46 ms, found 7 plugins.
Preloading 0 native plugins for Editor in 0.00 ms.
Unloading 8107 Unused Serialized files (Serialized files now loaded: 0)
Unloading 242 unused Assets / (13.1 MB). Loaded Objects now: 8452.
Memory consumption went from 388.8 MB to 375.7 MB.
Total: 7.591600 ms (FindLiveObjects: 0.711400 ms CreateObjectMapping: 0.264100 ms MarkObjects: 3.477600 ms  DeleteObjects: 3.137700 ms)

AssetImportParameters requested are different than current active one (requested -> active):
  custom:container-demuxer-ogg: 62fdf1f143b41e24485cea50d1cbac27 -> 
  custom:framework-win-MediaFoundation: 216162199b28c13a410421893ffa2e32 -> 
  custom:container-muxer-webm: aa71ff27fc2769a1b78a27578f13a17b -> 
  custom:video-decoder-webm-vp8: 9c59270c3fd7afecdb556c50c9e8de78 -> 
  custom:SearchIndexIgnoredProperties: e643bd26f0fe6173181afceb89e7c659 -> 
  custom:AudioImporter_EditorPlatform: d09bf68614088b80899f8185d706f6e7 -> 
  custom:audio-decoder-ogg-vorbis: bf7c407c2cedff20999df2af8eb42d56 -> 
  custom:audio-encoder-webm-vorbis: bf7c407c2cedff20999df2af8eb42d56 -> 
  custom:video-decoder-ogg-theora: a1e56fd34408186e4bbccfd4996cb3dc -> 
  custom:CustomObjectIndexerAttribute: 72b91833f83ae208fae7752999fa3104 -> 
  custom:container-demuxer-webm: 4f35f7cbe854078d1ac9338744f61a02 -> 
  custom:video-encoder-webm-vp8: eb34c28f22e8b96e1ab97ce403110664 -> 
========================================================================
Received Import Request.
  Time since last request: 267671.810760 seconds.
  path: Assets/Holli/Models/Turtles/turtleMat.mat
  artifactKey: Guid(aae44c6ec2e96084b8a134828a5db49b) Importer(815301076,1909f56bfc062723c751e8b465ee728b)
Start importing Assets/Holli/Models/Turtles/turtleMat.mat using Guid(aae44c6ec2e96084b8a134828a5db49b) Importer(815301076,1909f56bfc062723c751e8b465ee728b)  -> (artifact id: 'a585d3e6a06aaa7aa0bc6bd5c6445914') in 0.353312 seconds
Number of updated asset objects reloaded before import = 0
Number of asset objects unloaded after import = 209
========================================================================
Received Import Request.
  Time since last request: 13.556802 seconds.
  path: Assets/Holli/Models/Turtles/Textures/13100_floridaturtle_diffuse.jpg
  artifactKey: Guid(9e521c48dc57b0e42a0b6360df419e97) Importer(815301076,1909f56bfc062723c751e8b465ee728b)
Start importing Assets/Holli/Models/Turtles/Textures/13100_floridaturtle_diffuse.jpg using Guid(9e521c48dc57b0e42a0b6360df419e97) Importer(815301076,1909f56bfc062723c751e8b465ee728b)  -> (artifact id: '8e575566178d1308b928ae5ccb7e5135') in 0.074786 seconds
Number of updated asset objects reloaded before import = 0
Number of asset objects unloaded after import = 2
========================================================================
Received Import Request.
  Time since last request: 25.987829 seconds.
  path: Assets/Holli/Models/Hill01.fbx
  artifactKey: Guid(4233a20bb8b6a8341b336b52fec627b6) Importer(815301076,1909f56bfc062723c751e8b465ee728b)
Start importing Assets/Holli/Models/Hill01.fbx using Guid(4233a20bb8b6a8341b336b52fec627b6) Importer(815301076,1909f56bfc062723c751e8b465ee728b)  -> (artifact id: '020d48c10a41f0519cccc8e5f36fd476') in 0.226215 seconds
Number of updated asset objects reloaded before import = 0
Number of asset objects unloaded after import = 22
========================================================================
Received Import Request.
  Time since last request: 0.000031 seconds.
  path: Assets/Holli/Models/Hill02.fbx
  artifactKey: Guid(1884b84e8cf75774b92277620033d58c) Importer(815301076,1909f56bfc062723c751e8b465ee728b)
Start importing Assets/Holli/Models/Hill02.fbx using Guid(1884b84e8cf75774b92277620033d58c) Importer(815301076,1909f56bfc062723c751e8b465ee728b)  -> (artifact id: '3e117064059bd40cad70ff90b6068e7a') in 0.104659 seconds
Number of updated asset objects reloaded before import = 0
Number of asset objects unloaded after import = 22
========================================================================
Received Import Request.
  Time since last request: 0.000048 seconds.
  path: Assets/Holli/Models/RiverTerrain01.fbx
  artifactKey: Guid(d6d48bdf2a3e479438509a5c0ce32056) Importer(815301076,1909f56bfc062723c751e8b465ee728b)
Start importing Assets/Holli/Models/RiverTerrain01.fbx using Guid(d6d48bdf2a3e479438509a5c0ce32056) Importer(815301076,1909f56bfc062723c751e8b465ee728b)  -> (artifact id: '872efe1221de55ee5c11eb5c250dbb71') in 0.099961 seconds
Number of updated asset objects reloaded before import = 0
Number of asset objects unloaded after import = 23
========================================================================
Received Import Request.
  Time since last request: 0.000029 seconds.
  path: Assets/Holli/Models/Hill04.fbx
  artifactKey: Guid(180b775018257a5429c613e1b1ef4d8d) Importer(815301076,1909f56bfc062723c751e8b465ee728b)
Start importing Assets/Holli/Models/Hill04.fbx using Guid(180b775018257a5429c613e1b1ef4d8d) Importer(815301076,1909f56bfc062723c751e8b465ee728b)  -> (artifact id: '540cf8d26ef1fdc1b774bc0013b96cab') in 0.101682 seconds
Number of updated asset objects reloaded before import = 0
Number of asset objects unloaded after import = 22
========================================================================
Received Import Request.
  Time since last request: 3.253691 seconds.
  path: Assets/Holli/Models/Prefab/Tree.prefab
  artifactKey: Guid(51714a4b689bd0e4a81a66be55701f27) Importer(815301076,1909f56bfc062723c751e8b465ee728b)
Start importing Assets/Holli/Models/Prefab/Tree.prefab using Guid(51714a4b689bd0e4a81a66be55701f27) Importer(815301076,1909f56bfc062723c751e8b465ee728b)  -> (artifact id: 'ea149a81f285bffa218182d88faac750') in 0.306501 seconds
Number of updated asset objects reloaded before import = 0
Number of asset objects unloaded after import = 8742
========================================================================
Received Import Request.
  Time since last request: 0.000034 seconds.
  path: Assets/Holli/Models/Prefab/Vegetation.prefab
  artifactKey: Guid(0d0660d1b2c5ed24aa7db94c7e7a8a30) Importer(815301076,1909f56bfc062723c751e8b465ee728b)
Start importing Assets/Holli/Models/Prefab/Vegetation.prefab using Guid(0d0660d1b2c5ed24aa7db94c7e7a8a30) Importer(815301076,1909f56bfc062723c751e8b465ee728b)  -> (artifact id: 'f946e3a070292c00c33c2ffdafd20b15') in 0.467708 seconds
Number of updated asset objects reloaded before import = 0
Number of asset objects unloaded after import = 15296
Editor requested this worker to shutdown with reason: Scaling down because of idle timeout
TcpMessagingSession - receive error: operation aborted. errorcode: 995, details: The I/O operation has been aborted because of either a thread exit or an application request.
AssetImportWorker is now disconnected from the server
Process exiting
Exiting without the bug reporter. Application will terminate with return code 0