Using pre-set license
Built from '2022.3/staging' branch; Version is '2022.3.22f1 (887be4894c44) revision 8944612'; Using compiler version '192829333'; Build Type 'Release'
OS: 'Windows 11  (10.0.22631) 64bit Professional' Language: 'en' Physical Memory: 32677 MB
BatchMode: 1, IsHumanControllingUs: 0, StartBugReporterOnCrash: 0, Is64bit: 1, IsPro: 1

COMMAND LINE ARGUMENTS:
C:\Program Files\Unity\Hub\Editor\2022.3.22f1\Editor\Unity.exe
-adb2
-batchMode
-noUpm
-name
AssetImportWorker2
-projectPath
J:/TurtleRescue
-logFile
Logs/AssetImportWorker2.log
-srvPort
54445
Successfully changed project path to: J:/TurtleRescue
J:/TurtleRescue
[UnityMemory] Configuration Parameters - Can be set up in boot.config
    "memorysetup-bucket-allocator-granularity=16"
    "memorysetup-bucket-allocator-bucket-count=8"
    "memorysetup-bucket-allocator-block-size=33554432"
    "memorysetup-bucket-allocator-block-count=8"
    "memorysetup-main-allocator-block-size=16777216"
    "memorysetup-thread-allocator-block-size=16777216"
    "memorysetup-gfx-main-allocator-block-size=16777216"
    "memorysetup-gfx-thread-allocator-block-size=16777216"
    "memorysetup-cache-allocator-block-size=4194304"
    "memorysetup-typetree-allocator-block-size=2097152"
    "memorysetup-profiler-bucket-allocator-granularity=16"
    "memorysetup-profiler-bucket-allocator-bucket-count=8"
    "memorysetup-profiler-bucket-allocator-block-size=33554432"
    "memorysetup-profiler-bucket-allocator-block-count=8"
    "memorysetup-profiler-allocator-block-size=16777216"
    "memorysetup-profiler-editor-allocator-block-size=1048576"
    "memorysetup-temp-allocator-size-main=16777216"
    "memorysetup-job-temp-allocator-block-size=2097152"
    "memorysetup-job-temp-allocator-block-size-background=1048576"
    "memorysetup-job-temp-allocator-reduction-small-platforms=262144"
    "memorysetup-allocator-temp-initial-block-size-main=262144"
    "memorysetup-allocator-temp-initial-block-size-worker=262144"
    "memorysetup-temp-allocator-size-background-worker=32768"
    "memorysetup-temp-allocator-size-job-worker=262144"
    "memorysetup-temp-allocator-size-preload-manager=33554432"
    "memorysetup-temp-allocator-size-nav-mesh-worker=65536"
    "memorysetup-temp-allocator-size-audio-worker=65536"
    "memorysetup-temp-allocator-size-cloud-worker=32768"
    "memorysetup-temp-allocator-size-gi-baking-worker=262144"
    "memorysetup-temp-allocator-size-gfx=262144"
Player connection [13024] Host "[IP] 192.168.1.23 [Port] 0 [Flags] 2 [Guid] 3756530363 [EditorId] 3756530363 [Version] 1048832 [Id] WindowsEditor(7,HOANHTUAN) [Debug] 1 [PackageName] WindowsEditor [ProjectName] Editor" joined multi-casting on [225.0.0.222:54997]...

Player connection [13024] Host "[IP] 192.168.1.23 [Port] 0 [Flags] 2 [Guid] 3756530363 [EditorId] 3756530363 [Version] 1048832 [Id] WindowsEditor(7,HOANHTUAN) [Debug] 1 [PackageName] WindowsEditor [ProjectName] Editor" joined alternative multi-casting on [225.0.0.222:34997]...

[Physics::Module] Initialized MultithreadedJobDispatcher with 15 workers.
Refreshing native plugins compatible for Editor in 8.43 ms, found 7 plugins.
Preloading 0 native plugins for Editor in 0.00 ms.
Initialize engine version: 2022.3.22f1 (887be4894c44)
[Subsystems] Discovering subsystems at path C:/Program Files/Unity/Hub/Editor/2022.3.22f1/Editor/Data/Resources/UnitySubsystems
[Subsystems] Discovering subsystems at path J:/TurtleRescue/Assets
GfxDevice: creating device client; threaded=0; jobified=0
Direct3D:
    Version:  Direct3D 11.0 [level 11.1]
    Renderer: NVIDIA T1000 8GB (ID=0x1ff0)
    Vendor:   NVIDIA
    VRAM:     8017 MB
    Driver:   31.0.15.5186
Initialize mono
Mono path[0] = 'C:/Program Files/Unity/Hub/Editor/2022.3.22f1/Editor/Data/Managed'
Mono path[1] = 'C:/Program Files/Unity/Hub/Editor/2022.3.22f1/Editor/Data/MonoBleedingEdge/lib/mono/unityjit-win32'
Mono config path = 'C:/Program Files/Unity/Hub/Editor/2022.3.22f1/Editor/Data/MonoBleedingEdge/etc'
Using monoOptions --debugger-agent=transport=dt_socket,embedding=1,server=y,suspend=n,address=127.0.0.1:56384
Begin MonoManager ReloadAssembly
Registering precompiled unity dll's ...
Register platform support module: C:/Program Files/Unity/Hub/Editor/2022.3.22f1/Editor/Data/PlaybackEngines/WebGLSupport/UnityEditor.WebGL.Extensions.dll
Register platform support module: C:/Program Files/Unity/Hub/Editor/2022.3.22f1/Editor/Data/PlaybackEngines/AndroidPlayer/UnityEditor.Android.Extensions.dll
Register platform support module: C:/Program Files/Unity/Hub/Editor/2022.3.22f1/Editor/Data/PlaybackEngines/WindowsStandaloneSupport/UnityEditor.WindowsStandalone.Extensions.dll
Registered in 0.005996 seconds.
- Loaded All Assemblies, in  0.276 seconds
Native extension for WindowsStandalone target not found
Native extension for Android target not found
Android Extension - Scanning For ADB Devices 184 ms
Native extension for WebGL target not found
Mono: successfully reloaded assembly
- Finished resetting the current domain, in  0.430 seconds
Domain Reload Profiling: 706ms
	BeginReloadAssembly (95ms)
		ExecutionOrderSort (0ms)
		DisableScriptedObjects (0ms)
		BackupInstance (0ms)
		ReleaseScriptingObjects (0ms)
		CreateAndSetChildDomain (1ms)
	RebuildCommonClasses (27ms)
	RebuildNativeTypeToScriptingClass (8ms)
	initialDomainReloadingComplete (42ms)
	LoadAllAssembliesAndSetupDomain (103ms)
		LoadAssemblies (93ms)
		RebuildTransferFunctionScriptingTraits (0ms)
		AnalyzeDomain (101ms)
			TypeCache.Refresh (100ms)
				TypeCache.ScanAssembly (90ms)
			ScanForSourceGeneratedMonoScriptInfo (0ms)
			ResolveRequiredComponents (0ms)
	FinalizeReload (431ms)
		ReleaseScriptCaches (0ms)
		RebuildScriptCaches (0ms)
		SetupLoadedEditorAssemblies (389ms)
			LogAssemblyErrors (0ms)
			InitializePlatformSupportModulesInManaged (263ms)
			SetLoadedEditorAssemblies (3ms)
			RefreshPlugins (0ms)
			BeforeProcessingInitializeOnLoad (2ms)
			ProcessInitializeOnLoadAttributes (89ms)
			ProcessInitializeOnLoadMethodAttributes (33ms)
			AfterProcessingInitializeOnLoad (0ms)
			EditorAssembliesLoaded (0ms)
		ExecutionOrderSort2 (0ms)
		AwakeInstancesAfterBackupRestoration (0ms)
========================================================================
Worker process is ready to serve import requests
Begin MonoManager ReloadAssembly
- Loaded All Assemblies, in  0.583 seconds
Refreshing native plugins compatible for Editor in 2.62 ms, found 7 plugins.
Native extension for WindowsStandalone target not found
Native extension for Android target not found
Native extension for WebGL target not found
Package Manager log level set to [2]
[Package Manager] Server::EnsureServerProcessIsRunning -- launch failed, reason: Unity was launched with the -noUpm command-line argument
[Package Manager] UpmClient::Send -- Unable to send message (not connected to UPM process).
[Package Manager] Cannot connect to Unity Package Manager local server
Mono: successfully reloaded assembly
- Finished resetting the current domain, in  0.680 seconds
Domain Reload Profiling: 1262ms
	BeginReloadAssembly (112ms)
		ExecutionOrderSort (0ms)
		DisableScriptedObjects (4ms)
		BackupInstance (0ms)
		ReleaseScriptingObjects (0ms)
		CreateAndSetChildDomain (18ms)
	RebuildCommonClasses (24ms)
	RebuildNativeTypeToScriptingClass (8ms)
	initialDomainReloadingComplete (22ms)
	LoadAllAssembliesAndSetupDomain (416ms)
		LoadAssemblies (273ms)
		RebuildTransferFunctionScriptingTraits (0ms)
		AnalyzeDomain (209ms)
			TypeCache.Refresh (171ms)
				TypeCache.ScanAssembly (155ms)
			ScanForSourceGeneratedMonoScriptInfo (26ms)
			ResolveRequiredComponents (9ms)
	FinalizeReload (680ms)
		ReleaseScriptCaches (0ms)
		RebuildScriptCaches (0ms)
		SetupLoadedEditorAssemblies (517ms)
			LogAssemblyErrors (0ms)
			InitializePlatformSupportModulesInManaged (18ms)
			SetLoadedEditorAssemblies (2ms)
			RefreshPlugins (0ms)
			BeforeProcessingInitializeOnLoad (67ms)
			ProcessInitializeOnLoadAttributes (358ms)
			ProcessInitializeOnLoadMethodAttributes (67ms)
			AfterProcessingInitializeOnLoad (6ms)
			EditorAssembliesLoaded (0ms)
		ExecutionOrderSort2 (0ms)
		AwakeInstancesAfterBackupRestoration (5ms)
Launched and connected shader compiler UnityShaderCompiler.exe after 0.04 seconds
Refreshing native plugins compatible for Editor in 4.02 ms, found 7 plugins.
Preloading 0 native plugins for Editor in 0.00 ms.
Unloading 8107 Unused Serialized files (Serialized files now loaded: 0)
Unloading 242 unused Assets / (13.1 MB). Loaded Objects now: 8452.
Memory consumption went from 388.8 MB to 375.7 MB.
Total: 8.190900 ms (FindLiveObjects: 0.767000 ms CreateObjectMapping: 0.257400 ms MarkObjects: 3.851800 ms  DeleteObjects: 3.313400 ms)

AssetImportParameters requested are different than current active one (requested -> active):
  custom:container-demuxer-ogg: 62fdf1f143b41e24485cea50d1cbac27 -> 
  custom:framework-win-MediaFoundation: 216162199b28c13a410421893ffa2e32 -> 
  custom:container-muxer-webm: aa71ff27fc2769a1b78a27578f13a17b -> 
  custom:video-decoder-webm-vp8: 9c59270c3fd7afecdb556c50c9e8de78 -> 
  custom:SearchIndexIgnoredProperties: e643bd26f0fe6173181afceb89e7c659 -> 
  custom:AudioImporter_EditorPlatform: d09bf68614088b80899f8185d706f6e7 -> 
  custom:audio-decoder-ogg-vorbis: bf7c407c2cedff20999df2af8eb42d56 -> 
  custom:audio-encoder-webm-vorbis: bf7c407c2cedff20999df2af8eb42d56 -> 
  custom:video-decoder-ogg-theora: a1e56fd34408186e4bbccfd4996cb3dc -> 
  custom:CustomObjectIndexerAttribute: 72b91833f83ae208fae7752999fa3104 -> 
  custom:container-demuxer-webm: 4f35f7cbe854078d1ac9338744f61a02 -> 
  custom:video-encoder-webm-vp8: eb34c28f22e8b96e1ab97ce403110664 -> 
========================================================================
Received Import Request.
  Time since last request: 267735.609189 seconds.
  path: Assets/Holli/Models/Turtles
  artifactKey: Guid(359367a911eba3a4bb7b7cf7bc03eade) Importer(815301076,1909f56bfc062723c751e8b465ee728b)
Start importing Assets/Holli/Models/Turtles using Guid(359367a911eba3a4bb7b7cf7bc03eade) Importer(815301076,1909f56bfc062723c751e8b465ee728b)  -> (artifact id: 'e13c1c50a598f062e9a47464264ddae3') in 0.001647 seconds
Number of updated asset objects reloaded before import = 0
Number of asset objects unloaded after import = 0
========================================================================
Received Import Request.
  Time since last request: 8.408757 seconds.
  path: Assets/Holli/Models/Turtles/turtleAnim.controller
  artifactKey: Guid(c9ef245db0071d64c81d46e2653f5bc0) Importer(815301076,1909f56bfc062723c751e8b465ee728b)
Start importing Assets/Holli/Models/Turtles/turtleAnim.controller using Guid(c9ef245db0071d64c81d46e2653f5bc0) Importer(815301076,1909f56bfc062723c751e8b465ee728b)  -> (artifact id: '07a47b41e30c763901da05240e2996ba') in 0.009076 seconds
Number of updated asset objects reloaded before import = 0
Number of asset objects unloaded after import = 1
========================================================================
Received Import Request.
  Time since last request: 26.437613 seconds.
  path: Assets/Holli/Models/Turtles/turtle.fbx
  artifactKey: Guid(6116a1d59b1c6c24f86904ee96a79808) Importer(815301076,1909f56bfc062723c751e8b465ee728b)
Start importing Assets/Holli/Models/Turtles/turtle.fbx using Guid(6116a1d59b1c6c24f86904ee96a79808) Importer(815301076,1909f56bfc062723c751e8b465ee728b)  -> (artifact id: '74618d4f71edbcdc77fe6dd98f739a96') in 0.355226 seconds
Number of updated asset objects reloaded before import = 0
Number of asset objects unloaded after import = 326
========================================================================
Received Import Request.
  Time since last request: 217.121294 seconds.
  path: Assets/Holli/Models/Turtles/turtleMoving.cs
  artifactKey: Guid(2b7cc25e309a0bd499b807529a2d4955) Importer(815301076,1909f56bfc062723c751e8b465ee728b)
Start importing Assets/Holli/Models/Turtles/turtleMoving.cs using Guid(2b7cc25e309a0bd499b807529a2d4955) Importer(815301076,1909f56bfc062723c751e8b465ee728b)  -> (artifact id: 'faee4093e12916d5c31aff7893a89ba3') in 0.000762 seconds
Number of updated asset objects reloaded before import = 0
Number of asset objects unloaded after import = 0
========================================================================
Received Prepare
Begin MonoManager ReloadAssembly
- Loaded All Assemblies, in  0.523 seconds
Refreshing native plugins compatible for Editor in 2.96 ms, found 7 plugins.
Native extension for WindowsStandalone target not found
Native extension for Android target not found
Native extension for WebGL target not found
[Package Manager] Server::EnsureServerProcessIsRunning -- launch failed, reason: Unity was launched with the -noUpm command-line argument
[Package Manager] UpmClient::Send -- Unable to send message (not connected to UPM process).
[Package Manager] Cannot connect to Unity Package Manager local server
Mono: successfully reloaded assembly
- Finished resetting the current domain, in  1.430 seconds
Domain Reload Profiling: 1952ms
	BeginReloadAssembly (179ms)
		ExecutionOrderSort (0ms)
		DisableScriptedObjects (9ms)
		BackupInstance (0ms)
		ReleaseScriptingObjects (0ms)
		CreateAndSetChildDomain (60ms)
	RebuildCommonClasses (26ms)
	RebuildNativeTypeToScriptingClass (9ms)
	initialDomainReloadingComplete (25ms)
	LoadAllAssembliesAndSetupDomain (282ms)
		LoadAssemblies (283ms)
		RebuildTransferFunctionScriptingTraits (0ms)
		AnalyzeDomain (71ms)
			TypeCache.Refresh (13ms)
				TypeCache.ScanAssembly (2ms)
			ScanForSourceGeneratedMonoScriptInfo (41ms)
			ResolveRequiredComponents (15ms)
	FinalizeReload (1430ms)
		ReleaseScriptCaches (0ms)
		RebuildScriptCaches (0ms)
		SetupLoadedEditorAssemblies (619ms)
			LogAssemblyErrors (0ms)
			InitializePlatformSupportModulesInManaged (27ms)
			SetLoadedEditorAssemblies (6ms)
			RefreshPlugins (0ms)
			BeforeProcessingInitializeOnLoad (102ms)
			ProcessInitializeOnLoadAttributes (447ms)
			ProcessInitializeOnLoadMethodAttributes (32ms)
			AfterProcessingInitializeOnLoad (5ms)
			EditorAssembliesLoaded (0ms)
		ExecutionOrderSort2 (0ms)
		AwakeInstancesAfterBackupRestoration (22ms)
Refreshing native plugins compatible for Editor in 4.66 ms, found 7 plugins.
Preloading 0 native plugins for Editor in 0.00 ms.
Unloading 7806 Unused Serialized files (Serialized files now loaded: 0)
Unloading 190 unused Assets / (13.1 MB). Loaded Objects now: 8619.
Memory consumption went from 367.0 MB to 353.9 MB.
Total: 7.253800 ms (FindLiveObjects: 0.693000 ms CreateObjectMapping: 0.290400 ms MarkObjects: 3.456800 ms  DeleteObjects: 2.812700 ms)

Prepare: number of updated asset objects reloaded= 0
AssetImportParameters requested are different than current active one (requested -> active):
  custom:container-demuxer-ogg: 62fdf1f143b41e24485cea50d1cbac27 -> 
  custom:framework-win-MediaFoundation: 216162199b28c13a410421893ffa2e32 -> 
  custom:container-muxer-webm: aa71ff27fc2769a1b78a27578f13a17b -> 
  custom:video-decoder-webm-vp8: 9c59270c3fd7afecdb556c50c9e8de78 -> 
  custom:SearchIndexIgnoredProperties: e643bd26f0fe6173181afceb89e7c659 -> 
  custom:AudioImporter_EditorPlatform: d09bf68614088b80899f8185d706f6e7 -> 
  custom:audio-decoder-ogg-vorbis: bf7c407c2cedff20999df2af8eb42d56 -> 
  custom:audio-encoder-webm-vorbis: bf7c407c2cedff20999df2af8eb42d56 -> 
  custom:video-decoder-ogg-theora: a1e56fd34408186e4bbccfd4996cb3dc -> 
  custom:CustomObjectIndexerAttribute: 72b91833f83ae208fae7752999fa3104 -> 
  custom:container-demuxer-webm: 4f35f7cbe854078d1ac9338744f61a02 -> 
  custom:video-encoder-webm-vp8: eb34c28f22e8b96e1ab97ce403110664 -> 
========================================================================
Received Import Request.
  Time since last request: 15.243788 seconds.
  path: Assets/Holli/Models/Turtles/turtleMoving.cs
  artifactKey: Guid(2b7cc25e309a0bd499b807529a2d4955) Importer(815301076,1909f56bfc062723c751e8b465ee728b)
Start importing Assets/Holli/Models/Turtles/turtleMoving.cs using Guid(2b7cc25e309a0bd499b807529a2d4955) Importer(815301076,1909f56bfc062723c751e8b465ee728b)  -> (artifact id: 'cd47b30e334c01032d54160ea74034cc') in 0.004534 seconds
Number of updated asset objects reloaded before import = 0
Number of asset objects unloaded after import = 0
========================================================================
Received Prepare
Begin MonoManager ReloadAssembly
- Loaded All Assemblies, in  0.432 seconds
Refreshing native plugins compatible for Editor in 2.93 ms, found 7 plugins.
Native extension for WindowsStandalone target not found
Native extension for Android target not found
Native extension for WebGL target not found
[Package Manager] Server::EnsureServerProcessIsRunning -- launch failed, reason: Unity was launched with the -noUpm command-line argument
[Package Manager] UpmClient::Send -- Unable to send message (not connected to UPM process).
[Package Manager] Cannot connect to Unity Package Manager local server
Mono: successfully reloaded assembly
- Finished resetting the current domain, in  1.199 seconds
Domain Reload Profiling: 1629ms
	BeginReloadAssembly (138ms)
		ExecutionOrderSort (0ms)
		DisableScriptedObjects (4ms)
		BackupInstance (0ms)
		ReleaseScriptingObjects (0ms)
		CreateAndSetChildDomain (39ms)
	RebuildCommonClasses (30ms)
	RebuildNativeTypeToScriptingClass (8ms)
	initialDomainReloadingComplete (21ms)
	LoadAllAssembliesAndSetupDomain (233ms)
		LoadAssemblies (236ms)
		RebuildTransferFunctionScriptingTraits (0ms)
		AnalyzeDomain (59ms)
			TypeCache.Refresh (11ms)
				TypeCache.ScanAssembly (2ms)
			ScanForSourceGeneratedMonoScriptInfo (36ms)
			ResolveRequiredComponents (11ms)
	FinalizeReload (1199ms)
		ReleaseScriptCaches (0ms)
		RebuildScriptCaches (0ms)
		SetupLoadedEditorAssemblies (470ms)
			LogAssemblyErrors (0ms)
			InitializePlatformSupportModulesInManaged (20ms)
			SetLoadedEditorAssemblies (4ms)
			RefreshPlugins (0ms)
			BeforeProcessingInitializeOnLoad (75ms)
			ProcessInitializeOnLoadAttributes (344ms)
			ProcessInitializeOnLoadMethodAttributes (23ms)
			AfterProcessingInitializeOnLoad (4ms)
			EditorAssembliesLoaded (0ms)
		ExecutionOrderSort2 (0ms)
		AwakeInstancesAfterBackupRestoration (19ms)
Refreshing native plugins compatible for Editor in 3.06 ms, found 7 plugins.
Preloading 0 native plugins for Editor in 0.00 ms.
Unloading 7805 Unused Serialized files (Serialized files now loaded: 0)
Unloading 190 unused Assets / (13.1 MB). Loaded Objects now: 8635.
Memory consumption went from 368.7 MB to 355.6 MB.
Total: 6.293600 ms (FindLiveObjects: 0.560400 ms CreateObjectMapping: 0.206000 ms MarkObjects: 2.888200 ms  DeleteObjects: 2.638100 ms)

Prepare: number of updated asset objects reloaded= 0
AssetImportParameters requested are different than current active one (requested -> active):
  custom:container-demuxer-ogg: 62fdf1f143b41e24485cea50d1cbac27 -> 
  custom:framework-win-MediaFoundation: 216162199b28c13a410421893ffa2e32 -> 
  custom:container-muxer-webm: aa71ff27fc2769a1b78a27578f13a17b -> 
  custom:video-decoder-webm-vp8: 9c59270c3fd7afecdb556c50c9e8de78 -> 
  custom:SearchIndexIgnoredProperties: e643bd26f0fe6173181afceb89e7c659 -> 
  custom:AudioImporter_EditorPlatform: d09bf68614088b80899f8185d706f6e7 -> 
  custom:audio-decoder-ogg-vorbis: bf7c407c2cedff20999df2af8eb42d56 -> 
  custom:audio-encoder-webm-vorbis: bf7c407c2cedff20999df2af8eb42d56 -> 
  custom:video-decoder-ogg-theora: a1e56fd34408186e4bbccfd4996cb3dc -> 
  custom:CustomObjectIndexerAttribute: 72b91833f83ae208fae7752999fa3104 -> 
  custom:container-demuxer-webm: 4f35f7cbe854078d1ac9338744f61a02 -> 
  custom:video-encoder-webm-vp8: eb34c28f22e8b96e1ab97ce403110664 -> 
========================================================================
Received Prepare
Begin MonoManager ReloadAssembly
- Loaded All Assemblies, in  0.439 seconds
Refreshing native plugins compatible for Editor in 2.94 ms, found 7 plugins.
Native extension for WindowsStandalone target not found
Native extension for Android target not found
Native extension for WebGL target not found
[Package Manager] Server::EnsureServerProcessIsRunning -- launch failed, reason: Unity was launched with the -noUpm command-line argument
[Package Manager] UpmClient::Send -- Unable to send message (not connected to UPM process).
[Package Manager] Cannot connect to Unity Package Manager local server
Mono: successfully reloaded assembly
- Finished resetting the current domain, in  1.156 seconds
Domain Reload Profiling: 1594ms
	BeginReloadAssembly (143ms)
		ExecutionOrderSort (0ms)
		DisableScriptedObjects (4ms)
		BackupInstance (0ms)
		ReleaseScriptingObjects (0ms)
		CreateAndSetChildDomain (40ms)
	RebuildCommonClasses (23ms)
	RebuildNativeTypeToScriptingClass (8ms)
	initialDomainReloadingComplete (26ms)
	LoadAllAssembliesAndSetupDomain (237ms)
		LoadAssemblies (244ms)
		RebuildTransferFunctionScriptingTraits (0ms)
		AnalyzeDomain (58ms)
			TypeCache.Refresh (11ms)
				TypeCache.ScanAssembly (2ms)
			ScanForSourceGeneratedMonoScriptInfo (36ms)
			ResolveRequiredComponents (10ms)
	FinalizeReload (1157ms)
		ReleaseScriptCaches (0ms)
		RebuildScriptCaches (0ms)
		SetupLoadedEditorAssemblies (459ms)
			LogAssemblyErrors (0ms)
			InitializePlatformSupportModulesInManaged (18ms)
			SetLoadedEditorAssemblies (4ms)
			RefreshPlugins (0ms)
			BeforeProcessingInitializeOnLoad (75ms)
			ProcessInitializeOnLoadAttributes (334ms)
			ProcessInitializeOnLoadMethodAttributes (23ms)
			AfterProcessingInitializeOnLoad (5ms)
			EditorAssembliesLoaded (0ms)
		ExecutionOrderSort2 (0ms)
		AwakeInstancesAfterBackupRestoration (22ms)
Refreshing native plugins compatible for Editor in 3.22 ms, found 7 plugins.
Preloading 0 native plugins for Editor in 0.00 ms.
Unloading 7805 Unused Serialized files (Serialized files now loaded: 0)
Unloading 190 unused Assets / (13.1 MB). Loaded Objects now: 8651.
Memory consumption went from 370.6 MB to 357.6 MB.
Total: 7.843300 ms (FindLiveObjects: 0.661900 ms CreateObjectMapping: 0.227400 ms MarkObjects: 3.537700 ms  DeleteObjects: 3.414900 ms)

Prepare: number of updated asset objects reloaded= 0
AssetImportParameters requested are different than current active one (requested -> active):
  custom:container-demuxer-ogg: 62fdf1f143b41e24485cea50d1cbac27 -> 
  custom:framework-win-MediaFoundation: 216162199b28c13a410421893ffa2e32 -> 
  custom:container-muxer-webm: aa71ff27fc2769a1b78a27578f13a17b -> 
  custom:video-decoder-webm-vp8: 9c59270c3fd7afecdb556c50c9e8de78 -> 
  custom:SearchIndexIgnoredProperties: e643bd26f0fe6173181afceb89e7c659 -> 
  custom:AudioImporter_EditorPlatform: d09bf68614088b80899f8185d706f6e7 -> 
  custom:audio-decoder-ogg-vorbis: bf7c407c2cedff20999df2af8eb42d56 -> 
  custom:audio-encoder-webm-vorbis: bf7c407c2cedff20999df2af8eb42d56 -> 
  custom:video-decoder-ogg-theora: a1e56fd34408186e4bbccfd4996cb3dc -> 
  custom:CustomObjectIndexerAttribute: 72b91833f83ae208fae7752999fa3104 -> 
  custom:container-demuxer-webm: 4f35f7cbe854078d1ac9338744f61a02 -> 
  custom:video-encoder-webm-vp8: eb34c28f22e8b96e1ab97ce403110664 -> 
========================================================================
Received Prepare
Begin MonoManager ReloadAssembly
- Loaded All Assemblies, in  0.432 seconds
Refreshing native plugins compatible for Editor in 2.62 ms, found 7 plugins.
Native extension for WindowsStandalone target not found
Native extension for Android target not found
Native extension for WebGL target not found
[Package Manager] Server::EnsureServerProcessIsRunning -- launch failed, reason: Unity was launched with the -noUpm command-line argument
[Package Manager] UpmClient::Send -- Unable to send message (not connected to UPM process).
[Package Manager] Cannot connect to Unity Package Manager local server
Mono: successfully reloaded assembly
- Finished resetting the current domain, in  1.202 seconds
Domain Reload Profiling: 1633ms
	BeginReloadAssembly (144ms)
		ExecutionOrderSort (0ms)
		DisableScriptedObjects (4ms)
		BackupInstance (0ms)
		ReleaseScriptingObjects (0ms)
		CreateAndSetChildDomain (44ms)
	RebuildCommonClasses (23ms)
	RebuildNativeTypeToScriptingClass (8ms)
	initialDomainReloadingComplete (21ms)
	LoadAllAssembliesAndSetupDomain (235ms)
		LoadAssemblies (240ms)
		RebuildTransferFunctionScriptingTraits (0ms)
		AnalyzeDomain (58ms)
			TypeCache.Refresh (13ms)
				TypeCache.ScanAssembly (2ms)
			ScanForSourceGeneratedMonoScriptInfo (34ms)
			ResolveRequiredComponents (10ms)
	FinalizeReload (1202ms)
		ReleaseScriptCaches (0ms)
		RebuildScriptCaches (0ms)
		SetupLoadedEditorAssemblies (505ms)
			LogAssemblyErrors (0ms)
			InitializePlatformSupportModulesInManaged (18ms)
			SetLoadedEditorAssemblies (4ms)
			RefreshPlugins (0ms)
			BeforeProcessingInitializeOnLoad (74ms)
			ProcessInitializeOnLoadAttributes (379ms)
			ProcessInitializeOnLoadMethodAttributes (25ms)
			AfterProcessingInitializeOnLoad (5ms)
			EditorAssembliesLoaded (0ms)
		ExecutionOrderSort2 (0ms)
		AwakeInstancesAfterBackupRestoration (19ms)
Refreshing native plugins compatible for Editor in 2.95 ms, found 7 plugins.
Preloading 0 native plugins for Editor in 0.00 ms.
Unloading 7805 Unused Serialized files (Serialized files now loaded: 0)
Unloading 190 unused Assets / (13.0 MB). Loaded Objects now: 8667.
Memory consumption went from 372.6 MB to 359.5 MB.
Total: 8.090300 ms (FindLiveObjects: 0.676200 ms CreateObjectMapping: 0.278800 ms MarkObjects: 3.903600 ms  DeleteObjects: 3.230700 ms)

Prepare: number of updated asset objects reloaded= 0
AssetImportParameters requested are different than current active one (requested -> active):
  custom:container-demuxer-ogg: 62fdf1f143b41e24485cea50d1cbac27 -> 
  custom:framework-win-MediaFoundation: 216162199b28c13a410421893ffa2e32 -> 
  custom:container-muxer-webm: aa71ff27fc2769a1b78a27578f13a17b -> 
  custom:video-decoder-webm-vp8: 9c59270c3fd7afecdb556c50c9e8de78 -> 
  custom:SearchIndexIgnoredProperties: e643bd26f0fe6173181afceb89e7c659 -> 
  custom:AudioImporter_EditorPlatform: d09bf68614088b80899f8185d706f6e7 -> 
  custom:audio-decoder-ogg-vorbis: bf7c407c2cedff20999df2af8eb42d56 -> 
  custom:audio-encoder-webm-vorbis: bf7c407c2cedff20999df2af8eb42d56 -> 
  custom:video-decoder-ogg-theora: a1e56fd34408186e4bbccfd4996cb3dc -> 
  custom:CustomObjectIndexerAttribute: 72b91833f83ae208fae7752999fa3104 -> 
  custom:container-demuxer-webm: 4f35f7cbe854078d1ac9338744f61a02 -> 
  custom:video-encoder-webm-vp8: eb34c28f22e8b96e1ab97ce403110664 -> 
========================================================================
Received Import Request.
  Time since last request: 602.734083 seconds.
  path: Assets/Holli/Aquarium/Models/aquariumProps.fbx
  artifactKey: Guid(4d4524dc000da4c4989edb0328f3ebad) Importer(815301076,1909f56bfc062723c751e8b465ee728b)
Start importing Assets/Holli/Aquarium/Models/aquariumProps.fbx using Guid(4d4524dc000da4c4989edb0328f3ebad) Importer(815301076,1909f56bfc062723c751e8b465ee728b)  -> (artifact id: 'c137f9d36bf063233cd7883f437a955c') in 5.297251 seconds
Number of updated asset objects reloaded before import = 0
Number of asset objects unloaded after import = 8044
========================================================================
Received Import Request.
  Time since last request: 0.000032 seconds.
  path: Assets/Holli/Aquarium/Art/Props/Meshes/Teaset_Cup_01_Mesh.fbx
  artifactKey: Guid(ccd86a2f5649dfa4c86f649a97900097) Importer(815301076,1909f56bfc062723c751e8b465ee728b)
Start importing Assets/Holli/Aquarium/Art/Props/Meshes/Teaset_Cup_01_Mesh.fbx using Guid(ccd86a2f5649dfa4c86f649a97900097) Importer(815301076,1909f56bfc062723c751e8b465ee728b)  -> (artifact id: '2564c4492352920f2eaf542ca4b5f4da') in 0.049067 seconds
Number of updated asset objects reloaded before import = 0
Number of asset objects unloaded after import = 26
========================================================================
Received Import Request.
  Time since last request: 0.000029 seconds.
  path: Assets/Holli/Models/Pool/Wood Ground.fbx
  artifactKey: Guid(c104310d09c16774a8cb1a6c4aef0eba) Importer(815301076,1909f56bfc062723c751e8b465ee728b)
Start importing Assets/Holli/Models/Pool/Wood Ground.fbx using Guid(c104310d09c16774a8cb1a6c4aef0eba) Importer(815301076,1909f56bfc062723c751e8b465ee728b)  -> (artifact id: '58d3f8961c559a5b643fe9ea5e3b293b') in 0.033245 seconds
Number of updated asset objects reloaded before import = 0
Number of asset objects unloaded after import = 10
========================================================================
Received Import Request.
  Time since last request: 0.000017 seconds.
  path: Assets/Holli/Aquarium/Art/Vegetation/Meshes/Grass_4_Mesh.fbx
  artifactKey: Guid(00cbdb3c3680e424eaaf3583c509a64d) Importer(815301076,1909f56bfc062723c751e8b465ee728b)
Start importing Assets/Holli/Aquarium/Art/Vegetation/Meshes/Grass_4_Mesh.fbx using Guid(00cbdb3c3680e424eaaf3583c509a64d) Importer(815301076,1909f56bfc062723c751e8b465ee728b)  -> (artifact id: '51a9b9d9f34081aa6835d3bdcbb1fecd') in 0.029189 seconds
Number of updated asset objects reloaded before import = 0
Number of asset objects unloaded after import = 15
========================================================================
Received Import Request.
  Time since last request: 0.000017 seconds.
  path: Assets/Holli/Models/Rocks/Meshes/Rock_04.FBX
  artifactKey: Guid(02b33910635e58d488b841540b209a4a) Importer(815301076,1909f56bfc062723c751e8b465ee728b)
Start importing Assets/Holli/Models/Rocks/Meshes/Rock_04.FBX using Guid(02b33910635e58d488b841540b209a4a) Importer(815301076,1909f56bfc062723c751e8b465ee728b)  -> (artifact id: 'b0d4a49710edd77cd4e42fa676e9cf4f') in 0.112171 seconds
Number of updated asset objects reloaded before import = 0
Number of asset objects unloaded after import = 38
========================================================================
Received Import Request.
  Time since last request: 0.000019 seconds.
  path: Assets/Holli/Models/Rocks/Meshes/Rock_02.FBX
  artifactKey: Guid(972c0a09535f5894eabfd01bb0827de0) Importer(815301076,1909f56bfc062723c751e8b465ee728b)
Start importing Assets/Holli/Models/Rocks/Meshes/Rock_02.FBX using Guid(972c0a09535f5894eabfd01bb0827de0) Importer(815301076,1909f56bfc062723c751e8b465ee728b)  -> (artifact id: '6d6c3ef4145350a0c3b00668d5084736') in 0.060167 seconds
Number of updated asset objects reloaded before import = 0
Number of asset objects unloaded after import = 39
========================================================================
Received Import Request.
  Time since last request: 0.000024 seconds.
  path: Assets/Holli/Aquarium/Art/Props/Meshes/Teaset_Teapot_01_Mesh.fbx
  artifactKey: Guid(f997c1cc7b871484c8deabd5378b83dd) Importer(815301076,1909f56bfc062723c751e8b465ee728b)
Start importing Assets/Holli/Aquarium/Art/Props/Meshes/Teaset_Teapot_01_Mesh.fbx using Guid(f997c1cc7b871484c8deabd5378b83dd) Importer(815301076,1909f56bfc062723c751e8b465ee728b)  -> (artifact id: '224331375e54027550e8bb16356293a0') in 0.042704 seconds
Number of updated asset objects reloaded before import = 0
Number of asset objects unloaded after import = 45
========================================================================
Received Import Request.
  Time since last request: 0.000020 seconds.
  path: Assets/Holli/Models/Rocks/Meshes/Rock_06.FBX
  artifactKey: Guid(6ad3d1c1f7e03b24ea51729d2dae6388) Importer(815301076,1909f56bfc062723c751e8b465ee728b)
Start importing Assets/Holli/Models/Rocks/Meshes/Rock_06.FBX using Guid(6ad3d1c1f7e03b24ea51729d2dae6388) Importer(815301076,1909f56bfc062723c751e8b465ee728b)  -> (artifact id: '983601e25a121d38085858d6e04fc846') in 0.083411 seconds
Number of updated asset objects reloaded before import = 0
Number of asset objects unloaded after import = 43
========================================================================
Received Import Request.
  Time since last request: 0.000018 seconds.
  path: Assets/Holli/Aquarium/Art/Architecture/Meshes/Tent_02_Mesh.fbx
  artifactKey: Guid(b4b6f85c92f9c9b4c9a8e8f467b9290c) Importer(815301076,1909f56bfc062723c751e8b465ee728b)
Start importing Assets/Holli/Aquarium/Art/Architecture/Meshes/Tent_02_Mesh.fbx using Guid(b4b6f85c92f9c9b4c9a8e8f467b9290c) Importer(815301076,1909f56bfc062723c751e8b465ee728b)  -> (artifact id: '260a2d2f62e5447ba7f735cb0898f218') in 0.061715 seconds
Number of updated asset objects reloaded before import = 0
Number of asset objects unloaded after import = 42
========================================================================
Received Import Request.
  Time since last request: 0.000020 seconds.
  path: Assets/Holli/Aquarium/Art/Vegetation/Meshes/Palm_5_Mesh.fbx
  artifactKey: Guid(89153c7b2555d0d47a5e8f62248b7f6e) Importer(815301076,1909f56bfc062723c751e8b465ee728b)
Start importing Assets/Holli/Aquarium/Art/Vegetation/Meshes/Palm_5_Mesh.fbx using Guid(89153c7b2555d0d47a5e8f62248b7f6e) Importer(815301076,1909f56bfc062723c751e8b465ee728b)  -> (artifact id: '4df2542d52ea85be25a9bbed3949de7f') in 0.033123 seconds
Number of updated asset objects reloaded before import = 0
Number of asset objects unloaded after import = 26
========================================================================
Received Import Request.
  Time since last request: 0.000027 seconds.
  path: Assets/Holli/Aquarium/Art/Environment/Meshes/Terrain_01_Mesh_fix.fbx
  artifactKey: Guid(33af1a569cf14944b8aeb82310801a85) Importer(815301076,1909f56bfc062723c751e8b465ee728b)
Start importing Assets/Holli/Aquarium/Art/Environment/Meshes/Terrain_01_Mesh_fix.fbx using Guid(33af1a569cf14944b8aeb82310801a85) Importer(815301076,1909f56bfc062723c751e8b465ee728b)  -> (artifact id: '6a206d95a2952f0734a9a4921ceb139f') in 0.043959 seconds
Number of updated asset objects reloaded before import = 0
Number of asset objects unloaded after import = 23
========================================================================
Received Import Request.
  Time since last request: 0.000021 seconds.
  path: Assets/Holli/Aquarium/Art/Environment/Meshes/Terrain_01_Mesh.fbx
  artifactKey: Guid(814933d8205635b4bb71a5aadb981b13) Importer(815301076,1909f56bfc062723c751e8b465ee728b)
Start importing Assets/Holli/Aquarium/Art/Environment/Meshes/Terrain_01_Mesh.fbx using Guid(814933d8205635b4bb71a5aadb981b13) Importer(815301076,1909f56bfc062723c751e8b465ee728b)  -> (artifact id: 'f206318f5dad9f04d86b0c0f4ed4e04a') in 0.032132 seconds
Number of updated asset objects reloaded before import = 0
Number of asset objects unloaded after import = 23
========================================================================
Received Import Request.
  Time since last request: 0.000018 seconds.
  path: Assets/Holli/Aquarium/Art/Vegetation/Meshes/Grass_Long_Mesh.fbx
  artifactKey: Guid(48333ec38422d274ba6f7031227957b8) Importer(815301076,1909f56bfc062723c751e8b465ee728b)
Start importing Assets/Holli/Aquarium/Art/Vegetation/Meshes/Grass_Long_Mesh.fbx using Guid(48333ec38422d274ba6f7031227957b8) Importer(815301076,1909f56bfc062723c751e8b465ee728b)  -> (artifact id: 'c88a6649faf066f0ee6bc66ba156c800') in 0.078416 seconds
Number of updated asset objects reloaded before import = 0
Number of asset objects unloaded after import = 26
========================================================================
Received Import Request.
  Time since last request: 0.000017 seconds.
  path: Assets/Holli/Aquarium/Art/Environment/Meshes/Rock_06_Mesh.fbx
  artifactKey: Guid(e5e7975e10d33634793b8e9c506b86e0) Importer(815301076,1909f56bfc062723c751e8b465ee728b)
Start importing Assets/Holli/Aquarium/Art/Environment/Meshes/Rock_06_Mesh.fbx using Guid(e5e7975e10d33634793b8e9c506b86e0) Importer(815301076,1909f56bfc062723c751e8b465ee728b)  -> (artifact id: '3e68c20fcb66c140f4aff7bd900ef1be') in 0.055060 seconds
Number of updated asset objects reloaded before import = 0
Number of asset objects unloaded after import = 31
========================================================================
Received Import Request.
  Time since last request: 0.000022 seconds.
  path: Assets/Holli/Models/Vegetation/Details/Models/Grass_A.asset
  artifactKey: Guid(c8542799e804ef04eb35ba93777008a8) Importer(815301076,1909f56bfc062723c751e8b465ee728b)
Start importing Assets/Holli/Models/Vegetation/Details/Models/Grass_A.asset using Guid(c8542799e804ef04eb35ba93777008a8) Importer(815301076,1909f56bfc062723c751e8b465ee728b)  -> (artifact id: '53d8ab08a7851f0bd91880381e7ac48b') in 0.012575 seconds
Number of updated asset objects reloaded before import = 0
Number of asset objects unloaded after import = 2
========================================================================
Received Import Request.
  Time since last request: 0.000032 seconds.
  path: Assets/Holli/Models/Pool/Beam.fbx
  artifactKey: Guid(fc79e2dd66a181b4fafee13a2aae736d) Importer(815301076,1909f56bfc062723c751e8b465ee728b)
Start importing Assets/Holli/Models/Pool/Beam.fbx using Guid(fc79e2dd66a181b4fafee13a2aae736d) Importer(815301076,1909f56bfc062723c751e8b465ee728b)  -> (artifact id: 'cc59e5264420868c5ac12dc0c8d4bc56') in 0.028990 seconds
Number of updated asset objects reloaded before import = 0
Number of asset objects unloaded after import = 10
========================================================================
Received Import Request.
  Time since last request: 0.000019 seconds.
  path: Assets/Holli/Models/Pool/Window Glass.fbx
  artifactKey: Guid(ab90e3a60b012c848bd08a19d73fb2f3) Importer(815301076,1909f56bfc062723c751e8b465ee728b)
Start importing Assets/Holli/Models/Pool/Window Glass.fbx using Guid(ab90e3a60b012c848bd08a19d73fb2f3) Importer(815301076,1909f56bfc062723c751e8b465ee728b)  -> (artifact id: '46c0aba4144947e755df8fcf84d74a86') in 0.019244 seconds
Number of updated asset objects reloaded before import = 0
Number of asset objects unloaded after import = 11
========================================================================
Received Import Request.
  Time since last request: 0.000024 seconds.
  path: Assets/Holli/Models/Vegetation/Details/Models/GrassDry_B 1.asset
  artifactKey: Guid(34620cf8cdb76ba4b9af2acb627f7846) Importer(815301076,1909f56bfc062723c751e8b465ee728b)
Start importing Assets/Holli/Models/Vegetation/Details/Models/GrassDry_B 1.asset using Guid(34620cf8cdb76ba4b9af2acb627f7846) Importer(815301076,1909f56bfc062723c751e8b465ee728b)  -> (artifact id: '300571b2dee95582a8affa4f12b416e0') in 0.006095 seconds
Number of updated asset objects reloaded before import = 0
Number of asset objects unloaded after import = 2
========================================================================
Received Import Request.
  Time since last request: 0.000020 seconds.
  path: Assets/Holli/Models/Pool/Vase.fbx
  artifactKey: Guid(ea1ae6f3347420d46badc23c15bf935f) Importer(815301076,1909f56bfc062723c751e8b465ee728b)
Start importing Assets/Holli/Models/Pool/Vase.fbx using Guid(ea1ae6f3347420d46badc23c15bf935f) Importer(815301076,1909f56bfc062723c751e8b465ee728b)  -> (artifact id: '560e1d888a63f48ce28bfff4dcec1496') in 0.039369 seconds
Number of updated asset objects reloaded before import = 0
Number of asset objects unloaded after import = 10
========================================================================
Received Import Request.
  Time since last request: 0.000027 seconds.
  path: Assets/Holli/Aquarium/Art/Environment/Meshes/BigRock_01_Mesh.fbx
  artifactKey: Guid(290e995e92d55f04eb75121dd17817d5) Importer(815301076,1909f56bfc062723c751e8b465ee728b)
Start importing Assets/Holli/Aquarium/Art/Environment/Meshes/BigRock_01_Mesh.fbx using Guid(290e995e92d55f04eb75121dd17817d5) Importer(815301076,1909f56bfc062723c751e8b465ee728b)  -> (artifact id: 'aa5691e224892ffb2b630259ddca34da') in 0.090536 seconds
Number of updated asset objects reloaded before import = 0
Number of asset objects unloaded after import = 31
========================================================================
Received Import Request.
  Time since last request: 0.000033 seconds.
  path: Assets/Holli/Models/Rocks/Meshes/Rock_03.FBX
  artifactKey: Guid(981ea6d10af64b84e9562b51cbfa84f4) Importer(815301076,1909f56bfc062723c751e8b465ee728b)
Start importing Assets/Holli/Models/Rocks/Meshes/Rock_03.FBX using Guid(981ea6d10af64b84e9562b51cbfa84f4) Importer(815301076,1909f56bfc062723c751e8b465ee728b)  -> (artifact id: 'af145dacff3807cadd311702f0767965') in 0.066248 seconds
Number of updated asset objects reloaded before import = 0
Number of asset objects unloaded after import = 38
========================================================================
Received Import Request.
  Time since last request: 0.000029 seconds.
  path: Assets/Holli/Models/Rocks/Meshes/Rock_12.FBX
  artifactKey: Guid(e7697d2f7f68c51438b7ae207ba6c34e) Importer(815301076,1909f56bfc062723c751e8b465ee728b)
Start importing Assets/Holli/Models/Rocks/Meshes/Rock_12.FBX using Guid(e7697d2f7f68c51438b7ae207ba6c34e) Importer(815301076,1909f56bfc062723c751e8b465ee728b)  -> (artifact id: '865e19997608d0be57b6c1bf54a251b1') in 0.072679 seconds
Number of updated asset objects reloaded before import = 0
Number of asset objects unloaded after import = 43
========================================================================
Received Import Request.
  Time since last request: 6.603384 seconds.
  path: Assets/Holli/Models/Vegetation/Details/Models/Bush_A.asset
  artifactKey: Guid(0c4301a6ce8e5964c8df62a78aca15d1) Importer(815301076,1909f56bfc062723c751e8b465ee728b)
Start importing Assets/Holli/Models/Vegetation/Details/Models/Bush_A.asset using Guid(0c4301a6ce8e5964c8df62a78aca15d1) Importer(815301076,1909f56bfc062723c751e8b465ee728b)  -> (artifact id: '1ab07ddfca9b823289db1751b3786927') in 0.014397 seconds
Number of updated asset objects reloaded before import = 0
Number of asset objects unloaded after import = 2
========================================================================
Received Import Request.
  Time since last request: 0.198744 seconds.
  path: Assets/Holli/Models/Vegetation/Details/Models/BushDry_B.asset
  artifactKey: Guid(8d68c191594d5a24baee81cc22acf55b) Importer(815301076,1909f56bfc062723c751e8b465ee728b)
Start importing Assets/Holli/Models/Vegetation/Details/Models/BushDry_B.asset using Guid(8d68c191594d5a24baee81cc22acf55b) Importer(815301076,1909f56bfc062723c751e8b465ee728b)  -> (artifact id: 'ac1cf5c889662120803944def0305d4c') in 0.009744 seconds
Number of updated asset objects reloaded before import = 0
Number of asset objects unloaded after import = 2
========================================================================
Received Import Request.
  Time since last request: 233.411715 seconds.
  path: Assets/Holli/Materials/Sand03_Mat.mat
  artifactKey: Guid(2e1853b757b41f4469b3c59e82314df0) Importer(815301076,1909f56bfc062723c751e8b465ee728b)
Start importing Assets/Holli/Materials/Sand03_Mat.mat using Guid(2e1853b757b41f4469b3c59e82314df0) Importer(815301076,1909f56bfc062723c751e8b465ee728b)  -> (artifact id: 'edf4c3fde6d9f879de399a6cb5a93ddc') in 0.020046 seconds
Number of updated asset objects reloaded before import = 0
Number of asset objects unloaded after import = 5
========================================================================
Received Import Request.
  Time since last request: 0.000018 seconds.
  path: Assets/Holli/Materials/Sprigs.mat
  artifactKey: Guid(63044e4678905c240bfd01b4ba28612c) Importer(815301076,1909f56bfc062723c751e8b465ee728b)
Start importing Assets/Holli/Materials/Sprigs.mat using Guid(63044e4678905c240bfd01b4ba28612c) Importer(815301076,1909f56bfc062723c751e8b465ee728b)  -> (artifact id: '1ae21dd3c36ab820220ef76469186ff5') in 0.013553 seconds
Number of updated asset objects reloaded before import = 0
Number of asset objects unloaded after import = 5
========================================================================
Received Import Request.
  Time since last request: 0.000027 seconds.
  path: Assets/Holli/Materials/Sand04_Mat.mat
  artifactKey: Guid(e9caeeeb79e00fa40bdc1606aa1ee895) Importer(815301076,1909f56bfc062723c751e8b465ee728b)
Start importing Assets/Holli/Materials/Sand04_Mat.mat using Guid(e9caeeeb79e00fa40bdc1606aa1ee895) Importer(815301076,1909f56bfc062723c751e8b465ee728b)  -> (artifact id: 'd5da01d05152bad2594a0e9ba24ab43c') in 0.155006 seconds
Number of updated asset objects reloaded before import = 0
Number of asset objects unloaded after import = 6
Editor requested this worker to shutdown with reason: Scaling down because of idle timeout
TcpMessagingSession - receive error: operation aborted. errorcode: 995, details: The I/O operation has been aborted because of either a thread exit or an application request.
AssetImportWorker is now disconnected from the server
Process exiting
Exiting without the bug reporter. Application will terminate with return code 0